<?xml version="1.0" encoding="UTF-8"?>
<testsuite xmlns:xsi="http://www.w3.org/2001/XMLSchema-instance" xsi:noNamespaceSchemaLocation="https://maven.apache.org/surefire/maven-surefire-plugin/xsd/surefire-test-report.xsd" name="com.phoenixhell.serviceVod.TestVod" time="42.039" tests="3" errors="0" skipped="0" failures="0">
  <properties>
[...]
</properties>
  <testcase name="testPlayAuth" classname="com.phoenixhell.serviceVod.TestVod" time="9.777"/>
  <testcase name="testPlayInfo" classname="com.phoenixhell.serviceVod.TestVod" time="0.092"/>
  <testcase name="testUpload" classname="com.phoenixhell.serviceVod.TestVod" time="0.072"/>
</testsuite>